2016-05-14 10:35:34.190  INFO 50072 --- [main] jp.glory.SpringbootTodoApplication       : Starting SpringbootTodoApplication on yamadajnkinombp with PID 50072 (/Users/gloryof/git/spring-boot-todo/springboot-todo/target/classes started by gloryof in /Users/gloryof/git/spring-boot-todo/springboot-todo)
2016-05-14 10:35:34.194  INFO 50072 --- [main] jp.glory.SpringbootTodoApplication       : No active profile set, falling back to default profiles: default
2016-05-14 10:35:34.514  INFO 50072 --- [main] ationConfigEmbeddedWebApplicationContext : Refreshing org.springframework.boot.context.embedded.AnnotationConfigEmbeddedWebApplicationContext@1acaf3d: startup date [Sat May 14 10:35:34 JST 2016]; root of context hierarchy
2016-05-14 10:35:35.685  INFO 50072 --- [main] o.s.b.f.s.DefaultListableBeanFactory     : Overriding bean definition for bean 'beanNameViewResolver' with a different definition: replacing [Root bean: class [null]; scope=; abstract=false; lazyInit=false; autowireMode=3; dependencyCheck=0; autowireCandidate=true; primary=false; factoryBeanName=org.springframework.boot.autoconfigure.web.ErrorMvcAutoConfiguration$WhitelabelErrorViewConfiguration; factoryMethodName=beanNameViewResolver; initMethodName=null; destroyMethodName=(inferred); defined in class path resource [org/springframework/boot/autoconfigure/web/ErrorMvcAutoConfiguration$WhitelabelErrorViewConfiguration.class]] with [Root bean: class [null]; scope=; abstract=false; lazyInit=false; autowireMode=3; dependencyCheck=0; autowireCandidate=true; primary=false; factoryBeanName=org.springframework.boot.autoconfigure.web.WebMvcAutoConfiguration$WebMvcAutoConfigurationAdapter; factoryMethodName=beanNameViewResolver; initMethodName=null; destroyMethodName=(inferred); defined in class path resource [org/springframework/boot/autoconfigure/web/WebMvcAutoConfiguration$WebMvcAutoConfigurationAdapter.class]]
2016-05-14 10:35:36.228  INFO 50072 --- [main] trationDelegate$BeanPostProcessorChecker : Bean 'org.springframework.transaction.annotation.ProxyTransactionManagementConfiguration' of type [class org.springframework.transaction.annotation.ProxyTransactionManagementConfiguration$$EnhancerBySpringCGLIB$$e34610a3] is not eligible for getting processed by all BeanPostProcessors (for example: not eligible for auto-proxying)
2016-05-14 10:35:36.737  INFO 50072 --- [main] s.b.c.e.t.TomcatEmbeddedServletContainer : Tomcat initialized with port(s): 8080 (http)
2016-05-14 10:35:36.752  INFO 50072 --- [main] o.apache.catalina.core.StandardService   : Starting service Tomcat
2016-05-14 10:35:36.754  INFO 50072 --- [main] org.apache.catalina.core.StandardEngine  : Starting Servlet Engine: Apache Tomcat/8.0.30
2016-05-14 10:35:36.902  INFO 50072 --- [localhost-startStop-1] o.a.c.c.C.[Tomcat].[localhost].[/]       : Initializing Spring embedded WebApplicationContext
2016-05-14 10:35:36.902  INFO 50072 --- [localhost-startStop-1] o.s.web.context.ContextLoader            : Root WebApplicationContext: initialization completed in 2391 ms
2016-05-14 10:35:37.348  INFO 50072 --- [localhost-startStop-1] o.s.b.c.embedded.FilterRegistrationBean  : Mapping filter: 'characterEncodingFilter' to: [/*]
2016-05-14 10:35:37.349  INFO 50072 --- [localhost-startStop-1] o.s.b.c.embedded.FilterRegistrationBean  : Mapping filter: 'hiddenHttpMethodFilter' to: [/*]
2016-05-14 10:35:37.349  INFO 50072 --- [localhost-startStop-1] o.s.b.c.embedded.FilterRegistrationBean  : Mapping filter: 'httpPutFormContentFilter' to: [/*]
2016-05-14 10:35:37.349  INFO 50072 --- [localhost-startStop-1] o.s.b.c.embedded.FilterRegistrationBean  : Mapping filter: 'requestContextFilter' to: [/*]
2016-05-14 10:35:37.351  INFO 50072 --- [localhost-startStop-1] .e.DelegatingFilterProxyRegistrationBean : Mapping filter: 'springSecurityFilterChain' to: [/*]
2016-05-14 10:35:37.351  INFO 50072 --- [localhost-startStop-1] o.s.b.c.e.ServletRegistrationBean        : Mapping servlet: 'dispatcherServlet' to [/]
2016-05-14 10:35:38.283  INFO 50072 --- [localhost-startStop-1] o.s.s.web.DefaultSecurityFilterChain     : Creating filter chain: Ant [pattern='/css/**'], []
2016-05-14 10:35:38.284  INFO 50072 --- [localhost-startStop-1] o.s.s.web.DefaultSecurityFilterChain     : Creating filter chain: Ant [pattern='/libs/**'], []
2016-05-14 10:35:38.412  INFO 50072 --- [localhost-startStop-1] o.s.s.web.DefaultSecurityFilterChain     : Creating filter chain: org.springframework.security.web.util.matcher.AnyRequestMatcher@1, [org.springframework.security.web.context.request.async.WebAsyncManagerIntegrationFilter@4d9e56f3, org.springframework.security.web.context.SecurityContextPersistenceFilter@3c16ed9, org.springframework.security.web.header.HeaderWriterFilter@3289bf07, org.springframework.security.web.csrf.CsrfFilter@7ba884c0, org.springframework.security.web.authentication.logout.LogoutFilter@3f055e9, org.springframework.security.web.authentication.UsernamePasswordAuthenticationFilter@16284a9, org.springframework.security.web.savedrequest.RequestCacheAwareFilter@7b5771a7, org.springframework.security.web.servletapi.SecurityContextHolderAwareRequestFilter@7b44ba05, org.springframework.security.web.authentication.AnonymousAuthenticationFilter@58ccd425, org.springframework.security.web.session.SessionManagementFilter@49c13ab8, org.springframework.security.web.access.ExceptionTranslationFilter@580a7bf8, org.springframework.security.web.access.intercept.FilterSecurityInterceptor@2d0fabd]
2016-05-14 10:35:38.821  INFO 50072 --- [main] s.w.s.m.m.a.RequestMappingHandlerAdapter : Looking for @ControllerAdvice: org.springframework.boot.context.embedded.AnnotationConfigEmbeddedWebApplicationContext@1acaf3d: startup date [Sat May 14 10:35:34 JST 2016]; root of context hierarchy
2016-05-14 10:35:38.925  INFO 50072 --- [main] s.w.s.m.m.a.RequestMappingHandlerMapping : Mapped "{[/api/account],methods=[POST]}" onto public org.springframework.http.ResponseEntity<java.lang.Object> jp.glory.web.api.account.Account.create(jp.glory.web.api.account.request.NewAccountRequest)
2016-05-14 10:35:38.935  INFO 50072 --- [main] s.w.s.m.m.a.RequestMappingHandlerMapping : Mapped "{[/api/todos/{id}],methods=[GET]}" onto public org.springframework.http.ResponseEntity<jp.glory.web.api.todo.response.TodoDetailResponse> jp.glory.web.api.todo.TodoDetail.view(long)
2016-05-14 10:35:38.935  INFO 50072 --- [main] s.w.s.m.m.a.RequestMappingHandlerMapping : Mapped "{[/api/todos/{id}],methods=[PUT]}" onto public org.springframework.http.ResponseEntity<java.lang.Object> jp.glory.web.api.todo.TodoDetail.save(long,jp.glory.web.api.todo.request.TodoDetailSaveRequest,jp.glory.web.session.UserInfo)
2016-05-14 10:35:38.945  INFO 50072 --- [main] s.w.s.m.m.a.RequestMappingHandlerMapping : Mapped "{[/api/todos],methods=[GET]}" onto public org.springframework.http.ResponseEntity<jp.glory.web.api.todo.response.TodoListResponse> jp.glory.web.api.todo.TodoList.list(jp.glory.web.session.UserInfo)
2016-05-14 10:35:38.948  INFO 50072 --- [main] s.w.s.m.m.a.RequestMappingHandlerMapping : Mapped "{[/api/todos],methods=[POST]}" onto public org.springframework.http.ResponseEntity<jp.glory.web.api.todo.response.TodoCreateSuccessResponse> jp.glory.web.api.todo.TodoList.save(jp.glory.web.api.todo.request.TodoCreateRequest,jp.glory.web.session.UserInfo)
2016-05-14 10:35:38.949  INFO 50072 --- [main] s.w.s.m.m.a.RequestMappingHandlerMapping : Mapped "{[/join],methods=[GET]}" onto public org.springframework.web.servlet.ModelAndView jp.glory.web.page.JoinPage.view()
2016-05-14 10:35:38.950  INFO 50072 --- [main] s.w.s.m.m.a.RequestMappingHandlerMapping : Mapped "{[/login],methods=[GET]}" onto public org.springframework.web.servlet.ModelAndView jp.glory.web.page.LoginPage.view()
2016-05-14 10:35:38.955  INFO 50072 --- [main] s.w.s.m.m.a.RequestMappingHandlerMapping : Mapped "{[/todos],methods=[GET]}" onto public org.springframework.web.servlet.ModelAndView jp.glory.web.page.TodoPage.view(jp.glory.web.session.UserInfo)
2016-05-14 10:35:38.960  INFO 50072 --- [main] s.w.s.m.m.a.RequestMappingHandlerMapping : Mapped "{[/error]}" onto public org.springframework.http.ResponseEntity<java.util.Map<java.lang.String, java.lang.Object>> org.springframework.boot.autoconfigure.web.BasicErrorController.error(javax.servlet.http.HttpServletRequest)
2016-05-14 10:35:38.961  INFO 50072 --- [main] s.w.s.m.m.a.RequestMappingHandlerMapping : Mapped "{[/error],produces=[text/html]}" onto public org.springframework.web.servlet.ModelAndView org.springframework.boot.autoconfigure.web.BasicErrorController.errorHtml(javax.servlet.http.HttpServletRequest,javax.servlet.http.HttpServletResponse)
2016-05-14 10:35:39.007  INFO 50072 --- [main] o.s.w.s.handler.SimpleUrlHandlerMapping  : Mapped URL path [/webjars/**] onto handler of type [class org.springframework.web.servlet.resource.ResourceHttpRequestHandler]
2016-05-14 10:35:39.007  INFO 50072 --- [main] o.s.w.s.handler.SimpleUrlHandlerMapping  : Mapped URL path [/**] onto handler of type [class org.springframework.web.servlet.resource.ResourceHttpRequestHandler]
2016-05-14 10:35:39.035  INFO 50072 --- [main] .m.m.a.ExceptionHandlerExceptionResolver : Detected @ExceptionHandler methods in webapplicationExceptionHandler
2016-05-14 10:35:39.072  INFO 50072 --- [main] o.s.w.s.handler.SimpleUrlHandlerMapping  : Mapped URL path [/**/favicon.ico] onto handler of type [class org.springframework.web.servlet.resource.ResourceHttpRequestHandler]
2016-05-14 10:35:39.992  INFO 50072 --- [main] o.s.j.e.a.AnnotationMBeanExporter        : Registering beans for JMX exposure on startup
2016-05-14 10:35:40.079  INFO 50072 --- [main] s.b.c.e.t.TomcatEmbeddedServletContainer : Tomcat started on port(s): 8080 (http)
2016-05-14 10:35:40.088  INFO 50072 --- [main] jp.glory.SpringbootTodoApplication       : Started SpringbootTodoApplication in 6.538 seconds (JVM running for 7.774)
2016-05-14 10:35:49.102  INFO 50072 --- [http-nio-8080-exec-1] o.a.c.c.C.[Tomcat].[localhost].[/]       : Initializing Spring FrameworkServlet 'dispatcherServlet'
2016-05-14 10:35:49.102  INFO 50072 --- [http-nio-8080-exec-1] o.s.web.servlet.DispatcherServlet        : FrameworkServlet 'dispatcherServlet': initialization started
2016-05-14 10:35:49.125  INFO 50072 --- [http-nio-8080-exec-1] o.s.web.servlet.DispatcherServlet        : FrameworkServlet 'dispatcherServlet': initialization completed in 23 ms
2016-05-14 10:38:17.641  INFO 50072 --- [RMI TCP Connection(2)-192.168.1.2] inMXBeanRegistrar$SpringApplicationAdmin : Application shutdown requested.
2016-05-14 10:38:17.641  INFO 50072 --- [RMI TCP Connection(2)-192.168.1.2] ationConfigEmbeddedWebApplicationContext : Closing org.springframework.boot.context.embedded.AnnotationConfigEmbeddedWebApplicationContext@1acaf3d: startup date [Sat May 14 10:35:34 JST 2016]; root of context hierarchy
2016-05-14 10:38:17.644  INFO 50072 --- [RMI TCP Connection(2)-192.168.1.2] o.s.j.e.a.AnnotationMBeanExporter        : Unregistering JMX-exposed beans on shutdown
